Started GET "/" for 127.0.0.1 at 2019-08-05 23:36:06 +0200
Processing by Rails::WelcomeController#index as HTML
  Rendering /home/eapen/.rbenv/versions/2.6.3/lib/ruby/gems/2.6.0/gems/railties-5.2.3/lib/rails/templates/rails/welcome/index.html.erb
  Rendered /home/eapen/.rbenv/versions/2.6.3/lib/ruby/gems/2.6.0/gems/railties-5.2.3/lib/rails/templates/rails/welcome/index.html.erb (3.5ms)
Completed 200 OK in 22ms (Views: 8.7ms | ActiveRecord: 0.0ms)


  [1m[35m (0.1ms)[0m  [1m[34mSELECT sqlite_version(*)[0m
  ↳ /home/eapen/.rbenv/versions/2.6.3/bin/rake:23
  [1m[35m (33.4ms)[0m  [1m[35mCREATE TABLE "schema_migrations" ("version" varchar NOT NULL PRIMARY KEY)[0m
  ↳ /home/eapen/.rbenv/versions/2.6.3/bin/rake:23
  [1m[35m (16.0ms)[0m  [1m[35mCREATE TABLE "ar_internal_metadata" ("key" varchar NOT NULL PRIMARY KEY, "value" varchar, "created_at" datetime NOT NULL, "updated_at" datetime NOT NULL)[0m
  ↳ /home/eapen/.rbenv/versions/2.6.3/bin/rake:23
  [1m[35m (0.3ms)[0m  [1m[34mSELECT "schema_migrations"."version" FROM "schema_migrations" ORDER BY "schema_migrations"."version" ASC[0m
  ↳ /home/eapen/.rbenv/versions/2.6.3/bin/rake:23
Migrating to CreateUsers (20190805214336)
  [1m[35m (0.1ms)[0m  [1m[36mbegin transaction[0m
  ↳ /home/eapen/.rbenv/versions/2.6.3/bin/rake:23
  [1m[35m (1.8ms)[0m  [1m[35mCREATE TABLE "users" ("id" integer PRIMARY KEY AUTOINCREMENT NOT NULL, "name" varchar, "email" varchar, "password_digest" varchar, "created_at" datetime NOT NULL, "updated_at" datetime NOT NULL)[0m
  ↳ db/migrate/20190805214336_create_users.rb:3
  [1m[36mActiveRecord::SchemaMigration Create (0.2ms)[0m  [1m[32mINSERT INTO "schema_migrations" ("version") VALUES (?)[0m  [["version", "20190805214336"]]
  ↳ /home/eapen/.rbenv/versions/2.6.3/bin/rake:23
  [1m[35m (24.8ms)[0m  [1m[36mcommit transaction[0m
  ↳ /home/eapen/.rbenv/versions/2.6.3/bin/rake:23
  [1m[36mActiveRecord::InternalMetadata Load (0.2ms)[0m  [1m[34mSELECT  "ar_internal_metadata".* FROM "ar_internal_metadata" WHERE "ar_internal_metadata"."key" = ? LIMIT ?[0m  [["key", "environment"], ["LIMIT", 1]]
  ↳ /home/eapen/.rbenv/versions/2.6.3/bin/rake:23
  [1m[35m (0.1ms)[0m  [1m[36mbegin transaction[0m
  ↳ /home/eapen/.rbenv/versions/2.6.3/bin/rake:23
  [1m[36mActiveRecord::InternalMetadata Create (1.4ms)[0m  [1m[32mINSERT INTO "ar_internal_metadata" ("key", "value", "created_at", "updated_at") VALUES (?, ?, ?, ?)[0m  [["key", "environment"], ["value", "development"], ["created_at", "2019-08-05 21:44:06.507503"], ["updated_at", "2019-08-05 21:44:06.507503"]]
  ↳ /home/eapen/.rbenv/versions/2.6.3/bin/rake:23
  [1m[35m (9.9ms)[0m  [1m[36mcommit transaction[0m
  ↳ /home/eapen/.rbenv/versions/2.6.3/bin/rake:23
  [1m[35m (0.2ms)[0m  [1m[34mSELECT "schema_migrations"."version" FROM "schema_migrations" ORDER BY "schema_migrations"."version" ASC[0m
  ↳ /home/eapen/.rbenv/versions/2.6.3/bin/rake:23
  [1m[35m (0.1ms)[0m  [1m[36mbegin transaction[0m
  [1m[36mUser Create (0.5ms)[0m  [1m[32mINSERT INTO "users" ("name", "email", "password_digest", "created_at", "updated_at") VALUES (?, ?, ?, ?, ?)[0m  [["name", "foobar"], ["email", "foo@bar.com"], ["password_digest", "$2a$12$VuTR.gfu.AdUjDeSjgTpBO/xXRQz1BAgSZv1fysCnIz4UqI/K9wVK"], ["created_at", "2019-08-05 21:46:11.231790"], ["updated_at", "2019-08-05 21:46:11.231790"]]
  [1m[35m (18.1ms)[0m  [1m[36mcommit transaction[0m
  [1m[35m (0.1ms)[0m  [1m[36mbegin transaction[0m
  [1m[36mUser Create (0.6ms)[0m  [1m[32mINSERT INTO "users" ("name", "email", "password_digest", "created_at", "updated_at") VALUES (?, ?, ?, ?, ?)[0m  [["name", "foobar"], ["email", "foo@bar.com"], ["password_digest", "$2a$12$aiiHIp/9ftDNLI8gCdLwYe1OJHKlUlkZ2c97x21ql8A0cPlgf0G.K"], ["created_at", "2019-08-05 21:48:23.334364"], ["updated_at", "2019-08-05 21:48:23.334364"]]
  [1m[35m (13.2ms)[0m  [1m[36mcommit transaction[0m
Started GET "/sessions/new" for 127.0.0.1 at 2019-08-05 23:58:29 +0200
  [1m[35m (0.2ms)[0m  [1m[34mSELECT "schema_migrations"."version" FROM "schema_migrations" ORDER BY "schema_migrations"."version" ASC[0m
  ↳ /home/eapen/.rbenv/versions/2.6.3/lib/ruby/gems/2.6.0/gems/activerecord-5.2.3/lib/active_record/log_subscriber.rb:98
  
ActionController::RoutingError (No route matches [GET] "/sessions/new"):
  
actionpack (5.2.3) lib/action_dispatch/middleware/debug_exceptions.rb:65:in `call'
web-console (3.7.0) lib/web_console/middleware.rb:135:in `call_app'
web-console (3.7.0) lib/web_console/middleware.rb:30:in `block in call'
web-console (3.7.0) lib/web_console/middleware.rb:20:in `catch'
web-console (3.7.0) lib/web_console/middleware.rb:20:in `call'
actionpack (5.2.3) lib/action_dispatch/middleware/show_exceptions.rb:33:in `call'
railties (5.2.3) lib/rails/rack/logger.rb:38:in `call_app'
railties (5.2.3) lib/rails/rack/logger.rb:26:in `block in call'
activesupport (5.2.3) lib/active_support/tagged_logging.rb:71:in `block in tagged'
activesupport (5.2.3) lib/active_support/tagged_logging.rb:28:in `tagged'
activesupport (5.2.3) lib/active_support/tagged_logging.rb:71:in `tagged'
railties (5.2.3) lib/rails/rack/logger.rb:26:in `call'
sprockets-rails (3.2.1) lib/sprockets/rails/quiet_assets.rb:13:in `call'
actionpack (5.2.3) lib/action_dispatch/middleware/remote_ip.rb:81:in `call'
actionpack (5.2.3) lib/action_dispatch/middleware/request_id.rb:27:in `call'
rack (2.0.7) lib/rack/method_override.rb:22:in `call'
rack (2.0.7) lib/rack/runtime.rb:22:in `call'
activesupport (5.2.3) lib/active_support/cache/strategy/local_cache_middleware.rb:29:in `call'
actionpack (5.2.3) lib/action_dispatch/middleware/executor.rb:14:in `call'
actionpack (5.2.3) lib/action_dispatch/middleware/static.rb:127:in `call'
rack (2.0.7) lib/rack/sendfile.rb:111:in `call'
railties (5.2.3) lib/rails/engine.rb:524:in `call'
puma (3.12.1) lib/puma/configuration.rb:227:in `call'
puma (3.12.1) lib/puma/server.rb:660:in `handle_request'
puma (3.12.1) lib/puma/server.rb:474:in `process_client'
puma (3.12.1) lib/puma/server.rb:334:in `block in run'
puma (3.12.1) lib/puma/thread_pool.rb:135:in `block in spawn_thread'
Started GET "/signin" for 127.0.0.1 at 2019-08-06 00:04:29 +0200
  [1m[35m (0.2ms)[0m  [1m[34mSELECT "schema_migrations"."version" FROM "schema_migrations" ORDER BY "schema_migrations"."version" ASC[0m
  ↳ /home/eapen/.rbenv/versions/2.6.3/lib/ruby/gems/2.6.0/gems/activerecord-5.2.3/lib/active_record/log_subscriber.rb:98
Processing by SessionsController#new as HTML
  Rendering sessions/new.html.erb within layouts/application
  Rendered sessions/new.html.erb within layouts/application (0.7ms)
Completed 500 Internal Server Error in 19ms (ActiveRecord: 0.0ms)


  
SyntaxError (/home/eapen/MicroRails/Members-Only/app/views/sessions/new.html.erb:2: syntax error, unexpected ',', expecting ')'
...er.append=  form_for (:session, url: sessions_path) do |f| @...
...                              ^
/home/eapen/MicroRails/Members-Only/app/views/sessions/new.html.erb:4: syntax error, unexpected do (for block), expecting end
...er.errors.full_messages.each do |error| 
...                             ^~
/home/eapen/MicroRails/Members-Only/app/views/sessions/new.html.erb:13: syntax error, unexpected end, expecting end-of-input
'.freeze; end ;
          ^~~):
  
app/views/sessions/new.html.erb:2: syntax error, unexpected ',', expecting ')'
app/views/sessions/new.html.erb:4: syntax error, unexpected do (for block), expecting end
app/views/sessions/new.html.erb:13: syntax error, unexpected end, expecting end-of-input
Started GET "/signin" for 127.0.0.1 at 2019-08-06 00:06:46 +0200
  [1m[35m (0.3ms)[0m  [1m[34mSELECT "schema_migrations"."version" FROM "schema_migrations" ORDER BY "schema_migrations"."version" ASC[0m
  ↳ /home/eapen/.rbenv/versions/2.6.3/lib/ruby/gems/2.6.0/gems/activerecord-5.2.3/lib/active_record/log_subscriber.rb:98
Processing by SessionsController#new as HTML
  Rendering sessions/new.html.erb within layouts/application
  Rendered sessions/new.html.erb within layouts/application (6.7ms)
Completed 500 Internal Server Error in 19ms (ActiveRecord: 0.0ms)


  
ActionView::Template::Error (undefined method `errors' for nil:NilClass):
    1: <h1>Sign In</h1>
    2: <%= form_for(:session, url: sessions_path) do |f| %>
    3:   <ul>
    4:     <% @user.errors.full_messages.each do |error| %>
    5:       <li><%= error %></li>
    6:     <% end %>
    7:   </ul>
  
app/views/sessions/new.html.erb:4:in `block in _app_views_sessions_new_html_erb__4061383999566980449_69924488590720'
app/views/sessions/new.html.erb:2:in `_app_views_sessions_new_html_erb__4061383999566980449_69924488590720'
Started GET "/signin" for 127.0.0.1 at 2019-08-06 00:07:36 +0200
  [1m[35m (0.2ms)[0m  [1m[34mSELECT "schema_migrations"."version" FROM "schema_migrations" ORDER BY "schema_migrations"."version" ASC[0m
  ↳ /home/eapen/.rbenv/versions/2.6.3/lib/ruby/gems/2.6.0/gems/activerecord-5.2.3/lib/active_record/log_subscriber.rb:98
Processing by SessionsController#new as HTML
  Rendering sessions/new.html.erb within layouts/application
  Rendered sessions/new.html.erb within layouts/application (12.7ms)
Completed 500 Internal Server Error in 27ms (ActiveRecord: 0.0ms)


  
ActionView::Template::Error (undefined method `errors' for nil:NilClass):
    10: 
    11: <!--
    12:  <ul>
    13:     <% @user.errors.full_messages.each do |error| %>
    14:       <li><%= error %></li>
    15:     <% end %>
    16:   </ul>
  
app/views/sessions/new.html.erb:13:in `_app_views_sessions_new_html_erb__2654061277258923019_69952540095100'
Started GET "/signin" for 127.0.0.1 at 2019-08-06 00:08:03 +0200
  [1m[35m (0.2ms)[0m  [1m[34mSELECT "schema_migrations"."version" FROM "schema_migrations" ORDER BY "schema_migrations"."version" ASC[0m
  ↳ /home/eapen/.rbenv/versions/2.6.3/lib/ruby/gems/2.6.0/gems/activerecord-5.2.3/lib/active_record/log_subscriber.rb:98
Processing by SessionsController#new as HTML
  Rendering sessions/new.html.erb within layouts/application
  Rendered sessions/new.html.erb within layouts/application (6.6ms)
Completed 200 OK in 2436ms (Views: 2424.8ms | ActiveRecord: 0.0ms)


  [1m[35m (0.1ms)[0m  [1m[34mSELECT "schema_migrations"."version" FROM "schema_migrations" ORDER BY "schema_migrations"."version" ASC[0m
  ↳ /home/eapen/.rbenv/versions/2.6.3/bin/rake:23
Migrating to AddRememberTokenToUsers (20190805221023)
  [1m[35m (0.6ms)[0m  [1m[36mbegin transaction[0m
  ↳ /home/eapen/.rbenv/versions/2.6.3/bin/rake:23
  [1m[35m (0.4ms)[0m  [1m[35mALTER TABLE "users" ADD "remember_token" varchar[0m
  ↳ db/migrate/20190805221023_add_remember_token_to_users.rb:3
  [1m[35m (0.1ms)[0m  [1m[34mSELECT sqlite_version(*)[0m
  ↳ db/migrate/20190805221023_add_remember_token_to_users.rb:4
  [1m[35m (0.1ms)[0m  [1m[35mCREATE  INDEX "index_users_on_remember_token" ON "users" ("remember_token")[0m
  ↳ db/migrate/20190805221023_add_remember_token_to_users.rb:4
  [1m[36mActiveRecord::SchemaMigration Create (0.4ms)[0m  [1m[32mINSERT INTO "schema_migrations" ("version") VALUES (?)[0m  [["version", "20190805221023"]]
  ↳ /home/eapen/.rbenv/versions/2.6.3/bin/rake:23
  [1m[35m (12.2ms)[0m  [1m[36mcommit transaction[0m
  ↳ /home/eapen/.rbenv/versions/2.6.3/bin/rake:23
  [1m[36mActiveRecord::InternalMetadata Load (0.1ms)[0m  [1m[34mSELECT  "ar_internal_metadata".* FROM "ar_internal_metadata" WHERE "ar_internal_metadata"."key" = ? LIMIT ?[0m  [["key", "environment"], ["LIMIT", 1]]
  ↳ /home/eapen/.rbenv/versions/2.6.3/bin/rake:23
  [1m[35m (0.1ms)[0m  [1m[36mbegin transaction[0m
  ↳ /home/eapen/.rbenv/versions/2.6.3/bin/rake:23
  [1m[35m (0.0ms)[0m  [1m[36mcommit transaction[0m
  ↳ /home/eapen/.rbenv/versions/2.6.3/bin/rake:23
  [1m[35m (0.1ms)[0m  [1m[34mSELECT "schema_migrations"."version" FROM "schema_migrations" ORDER BY "schema_migrations"."version" ASC[0m
  ↳ /home/eapen/.rbenv/versions/2.6.3/bin/rake:23
  [1m[35m (0.1ms)[0m  [1m[34mSELECT "schema_migrations"."version" FROM "schema_migrations" ORDER BY "schema_migrations"."version" ASC[0m
  ↳ /home/eapen/.rbenv/versions/2.6.3/bin/rake:23
  [1m[36mActiveRecord::InternalMetadata Load (0.1ms)[0m  [1m[34mSELECT  "ar_internal_metadata".* FROM "ar_internal_metadata" WHERE "ar_internal_metadata"."key" = ? LIMIT ?[0m  [["key", "environment"], ["LIMIT", 1]]
  ↳ /home/eapen/.rbenv/versions/2.6.3/bin/rake:23
  [1m[35m (0.0ms)[0m  [1m[36mbegin transaction[0m
  ↳ /home/eapen/.rbenv/versions/2.6.3/bin/rake:23
  [1m[35m (0.1ms)[0m  [1m[36mcommit transaction[0m
  ↳ /home/eapen/.rbenv/versions/2.6.3/bin/rake:23
  [1m[35m (0.1ms)[0m  [1m[34mSELECT "schema_migrations"."version" FROM "schema_migrations" ORDER BY "schema_migrations"."version" ASC[0m
  ↳ /home/eapen/.rbenv/versions/2.6.3/bin/rake:23
